<?xml version="1.0" encoding="UTF-8"?>
<testsuites>
  <testsuite name="fastlane.lanes">
    
    
    
      
      <testcase classname="fastlane.lanes" name="0: default_platform" time="0.000459">
        
      </testcase>
    
      
      <testcase classname="fastlane.lanes" name="1: version_get_podspec" time="0.000514">
        
      </testcase>
    
      
      <testcase classname="fastlane.lanes" name="2: pod_lib_lint" time="32.46281">
        
          <failure message="/Users/qiuqixiang/.rvm/gems/ruby-2.7.0/gems/fastlane-2.212.1/fastlane/lib/fastlane/actions/actions_helper.rb:67:in `execute_action'&#10;/Users/qiuqixiang/.rvm/gems/ruby-2.7.0/gems/fastlane-2.212.1/fastlane/lib/fastlane/runner.rb:255:in `block in execute_action'&#10;/Users/qiuqixiang/.rvm/gems/ruby-2.7.0/gems/fastlane-2.212.1/fastlane/lib/fastlane/runner.rb:229:in `chdir'&#10;/Users/qiuqixiang/.rvm/gems/ruby-2.7.0/gems/fastlane-2.212.1/fastlane/lib/fastlane/runner.rb:229:in `execute_action'&#10;/Users/qiuqixiang/.rvm/gems/ruby-2.7.0/gems/fastlane-2.212.1/fastlane/lib/fastlane/runner.rb:157:in `trigger_action_by_name'&#10;/Users/qiuqixiang/.rvm/gems/ruby-2.7.0/gems/fastlane-2.212.1/fastlane/lib/fastlane/fast_file.rb:159:in `method_missing'&#10;Fastfile:33:in `block (2 levels) in parsing_binding'&#10;/Users/qiuqixiang/.rvm/gems/ruby-2.7.0/gems/fastlane-2.212.1/fastlane/lib/fastlane/lane.rb:33:in `call'&#10;/Users/qiuqixiang/.rvm/gems/ruby-2.7.0/gems/fastlane-2.212.1/fastlane/lib/fastlane/runner.rb:49:in `block in execute'&#10;/Users/qiuqixiang/.rvm/gems/ruby-2.7.0/gems/fastlane-2.212.1/fastlane/lib/fastlane/runner.rb:45:in `chdir'&#10;/Users/qiuqixiang/.rvm/gems/ruby-2.7.0/gems/fastlane-2.212.1/fastlane/lib/fastlane/runner.rb:45:in `execute'&#10;/Users/qiuqixiang/.rvm/gems/ruby-2.7.0/gems/fastlane-2.212.1/fastlane/lib/fastlane/lane_manager.rb:47:in `cruise_lane'&#10;/Users/qiuqixiang/.rvm/gems/ruby-2.7.0/gems/fastlane-2.212.1/fastlane/lib/fastlane/command_line_handler.rb:36:in `handle'&#10;/Users/qiuqixiang/.rvm/gems/ruby-2.7.0/gems/fastlane-2.212.1/fastlane/lib/fastlane/commands_generator.rb:110:in `block (2 levels) in run'&#10;/Users/qiuqixiang/.rvm/gems/ruby-2.7.0/gems/commander-4.6.0/lib/commander/command.rb:187:in `call'&#10;/Users/qiuqixiang/.rvm/gems/ruby-2.7.0/gems/commander-4.6.0/lib/commander/command.rb:157:in `run'&#10;/Users/qiuqixiang/.rvm/gems/ruby-2.7.0/gems/commander-4.6.0/lib/commander/runner.rb:444:in `run_active_command'&#10;/Users/qiuqixiang/.rvm/gems/ruby-2.7.0/gems/fastlane-2.212.1/fastlane_core/lib/fastlane_core/ui/fastlane_runner.rb:124:in `run!'&#10;/Users/qiuqixiang/.rvm/gems/ruby-2.7.0/gems/commander-4.6.0/lib/commander/delegates.rb:18:in `run!'&#10;/Users/qiuqixiang/.rvm/gems/ruby-2.7.0/gems/fastlane-2.212.1/fastlane/lib/fastlane/commands_generator.rb:354:in `run'&#10;/Users/qiuqixiang/.rvm/gems/ruby-2.7.0/gems/fastlane-2.212.1/fastlane/lib/fastlane/commands_generator.rb:43:in `start'&#10;/Users/qiuqixiang/.rvm/gems/ruby-2.7.0/gems/fastlane-2.212.1/fastlane/lib/fastlane/cli_tools_distributor.rb:123:in `take_off'&#10;/Users/qiuqixiang/.rvm/gems/ruby-2.7.0/gems/fastlane-2.212.1/bin/fastlane:23:in `&lt;top (required)&gt;'&#10;/Users/qiuqixiang/.rvm/gems/ruby-2.7.0/bin/fastlane:23:in `load'&#10;/Users/qiuqixiang/.rvm/gems/ruby-2.7.0/bin/fastlane:23:in `&lt;main&gt;'&#10;/Users/qiuqixiang/.rvm/gems/ruby-2.7.0/bin/ruby_executable_hooks:24:in `eval'&#10;/Users/qiuqixiang/.rvm/gems/ruby-2.7.0/bin/ruby_executable_hooks:24:in `&lt;main&gt;'&#10;&#10;Exit status of command 'bundle exec pod lib lint --allow-warnings' was 1 instead of 0.&#10;&#10; -&gt; WZAnimation -&gt; WZAnimation (0.1.2)&#10;    - WARN  | summary: The summary is not meaningful.&#10;    - ERROR | [iOS] xcodebuild: Returned an unsuccessful exit code. You can use `--verbose` for more information.&#10;    - NOTE  | xcodebuild:  note: Using codesigning identity override: -&#10;    - NOTE  | [iOS] xcodebuild:  note: Building targets in dependency order&#10;    - NOTE  | [iOS] xcodebuild:  note: Target dependency graph (5 targets)&#10;    - NOTE  | [iOS] xcodebuild:  clang: error: SDK does not contain 'libarclite' at the path '/Applications/Xcode.app/Contents/Developer/Toolchains/XcodeDefault.xctoolchain/usr/lib/arc/libarclite_iphonesimulator.a'; try increasing the minimum deployment target&#10;    - NOTE  | [iOS] xcodebuild:  Pods.xcodeproj: warning: The iOS Simulator deployment target 'IPHONEOS_DEPLOYMENT_TARGET' is set to 8.0, but the range of supported deployment target versions is 12.0 to 17.0.99. (in target 'pop' from project 'Pods')&#10;    - NOTE  | [iOS] xcodebuild:  Pods.xcodeproj: warning: The iOS Simulator deployment target 'IPHONEOS_DEPLOYMENT_TARGET' is set to 10.0, but the range of supported deployment target versions is 12.0 to 17.0.99. (in target 'WZNamespaceWrappable' from project 'Pods')&#10;&#10;[!] WZAnimation did not pass validation, due to 1 error.&#10;You can use the `--no-clean` option to inspect any issue.&#10;" />
        
      </testcase>
    
  </testsuite>
</testsuites>
